<?xml version="1.0" encoding="UTF-8"?>
<!-- Generated by org.testng.reporters.JUnitReportReporter -->
<testsuite skipped="0" hostname="gaoyuandeMacBook-Pro.local" name="RestAPI.Testing.users.JsonPath_PRACTICE2" tests="2" failures="0" timestamp="01 Oct 2018 16:51:33 GMT" time="5.236" errors="0">
  <testcase name="getAllDriverFirstName" time="2.326" classname="RestAPI.Testing.users.JsonPath_PRACTICE2"/>
  <testcase name="simpleGetRequest" time="2.910" classname="RestAPI.Testing.users.JsonPath_PRACTICE2"/>
</testsuite> <!-- RestAPI.Testing.users.JsonPath_PRACTICE2 -->
