<?xml version="1.0" encoding="UTF-8"?>
<!-- Generated by org.testng.reporters.JUnitReportReporter -->
<testsuite skipped="0" hostname="gaoyuandeMacBook-Pro.local" name="RestAPI.Testing.users.JSONPath_GOT" tests="1" failures="0" timestamp="30 Aug 2018 00:48:15 GMT" time="4.958" errors="0">
  <testcase name="testJsonPath" time="4.958" classname="RestAPI.Testing.users.JSONPath_GOT"/>
</testsuite> <!-- RestAPI.Testing.users.JSONPath_GOT -->
